  [1m[36m (1.3ms)[0m  [1mCREATE TABLE "schema_migrations" ("version" varchar NOT NULL) [0m
  [1m[35m (0.0ms)[0m  select sqlite_version(*)
  [1m[36m (1.1ms)[0m  [1mCREATE UNIQUE INDEX "unique_schema_migrations" ON "schema_migrations" ("version")[0m
  [1m[35mActiveRecord::SchemaMigration Load (0.1ms)[0m  SELECT "schema_migrations".* FROM "schema_migrations"
Started GET "/articles" for ::1 at 2019-09-03 21:08:56 -0700
  [1m[36mActiveRecord::SchemaMigration Load (0.1ms)[0m  [1m[34mSELECT "schema_migrations".* FROM "schema_migrations"[0m
  
ActiveRecord::PendingMigrationError (

Migrations are pending. To resolve this issue, run:

        bin/rails db:migrate RAILS_ENV=development

):
  
activerecord (5.0.7.2) lib/active_record/migration.rb:573:in `check_pending!'
activerecord (5.0.7.2) lib/active_record/migration.rb:549:in `call'
actionpack (5.0.7.2) lib/action_dispatch/middleware/callbacks.rb:38:in `block in call'
activesupport (5.0.7.2) lib/active_support/callbacks.rb:97:in `__run_callbacks__'
activesupport (5.0.7.2) lib/active_support/callbacks.rb:750:in `_run_call_callbacks'
activesupport (5.0.7.2) lib/active_support/callbacks.rb:90:in `run_callbacks'
actionpack (5.0.7.2) lib/action_dispatch/middleware/callbacks.rb:36:in `call'
actionpack (5.0.7.2) lib/action_dispatch/middleware/executor.rb:12:in `call'
actionpack (5.0.7.2) lib/action_dispatch/middleware/remote_ip.rb:79:in `call'
actionpack (5.0.7.2) lib/action_dispatch/middleware/debug_exceptions.rb:49:in `call'
web-console (2.3.0) lib/web_console/middleware.rb:28:in `block in call'
web-console (2.3.0) lib/web_console/middleware.rb:18:in `catch'
web-console (2.3.0) lib/web_console/middleware.rb:18:in `call'
actionpack (5.0.7.2) lib/action_dispatch/middleware/show_exceptions.rb:31:in `call'
railties (5.0.7.2) lib/rails/rack/logger.rb:36:in `call_app'
railties (5.0.7.2) lib/rails/rack/logger.rb:24:in `block in call'
activesupport (5.0.7.2) lib/active_support/tagged_logging.rb:69:in `block in tagged'
activesupport (5.0.7.2) lib/active_support/tagged_logging.rb:26:in `tagged'
activesupport (5.0.7.2) lib/active_support/tagged_logging.rb:69:in `tagged'
railties (5.0.7.2) lib/rails/rack/logger.rb:24:in `call'
sprockets-rails (3.2.1) lib/sprockets/rails/quiet_assets.rb:13:in `call'
actionpack (5.0.7.2) lib/action_dispatch/middleware/request_id.rb:24:in `call'
rack (2.0.7) lib/rack/method_override.rb:22:in `call'
rack (2.0.7) lib/rack/runtime.rb:22:in `call'
activesupport (5.0.7.2) lib/active_support/cache/strategy/local_cache_middleware.rb:28:in `call'
actionpack (5.0.7.2) lib/action_dispatch/middleware/executor.rb:12:in `call'
actionpack (5.0.7.2) lib/action_dispatch/middleware/static.rb:136:in `call'
rack (2.0.7) lib/rack/sendfile.rb:111:in `call'
railties (5.0.7.2) lib/rails/engine.rb:522:in `call'
rack (2.0.7) lib/rack/handler/webrick.rb:86:in `service'
/home/michael/.rvm/rubies/ruby-2.6.3/lib/ruby/2.6.0/webrick/httpserver.rb:140:in `service'
/home/michael/.rvm/rubies/ruby-2.6.3/lib/ruby/2.6.0/webrick/httpserver.rb:96:in `run'
/home/michael/.rvm/rubies/ruby-2.6.3/lib/ruby/2.6.0/webrick/server.rb:307:in `block in start_thread'
  Rendering /home/michael/.rvm/gems/ruby-2.6.3/gems/actionpack-5.0.7.2/lib/action_dispatch/middleware/templates/rescues/diagnostics.html.erb within rescues/layout
  Rendering /home/michael/.rvm/gems/ruby-2.6.3/gems/actionpack-5.0.7.2/lib/action_dispatch/middleware/templates/rescues/_source.html.erb
  Rendered /home/michael/.rvm/gems/ruby-2.6.3/gems/actionpack-5.0.7.2/lib/action_dispatch/middleware/templates/rescues/_source.html.erb (1.2ms)
  Rendering /home/michael/.rvm/gems/ruby-2.6.3/gems/actionpack-5.0.7.2/lib/action_dispatch/middleware/templates/rescues/_trace.html.erb
  Rendered /home/michael/.rvm/gems/ruby-2.6.3/gems/actionpack-5.0.7.2/lib/action_dispatch/middleware/templates/rescues/_trace.html.erb (0.7ms)
  Rendering /home/michael/.rvm/gems/ruby-2.6.3/gems/actionpack-5.0.7.2/lib/action_dispatch/middleware/templates/rescues/_request_and_response.html.erb
  Rendered /home/michael/.rvm/gems/ruby-2.6.3/gems/actionpack-5.0.7.2/lib/action_dispatch/middleware/templates/rescues/_request_and_response.html.erb (0.4ms)
  Rendered /home/michael/.rvm/gems/ruby-2.6.3/gems/actionpack-5.0.7.2/lib/action_dispatch/middleware/templates/rescues/diagnostics.html.erb within rescues/layout (10.2ms)
DEPRECATION WARNING: Accessing mime types via constants is deprecated. Please change `Mime::HTML` to `Mime[:html]`. (called from acceptable_content_type? at /home/michael/.rvm/gems/ruby-2.6.3/gems/web-console-2.3.0/lib/web_console/middleware.rb:58)
  Rendering /home/michael/.rvm/gems/ruby-2.6.3/gems/web-console-2.3.0/lib/web_console/templates/index.html.erb
  Rendered /home/michael/.rvm/gems/ruby-2.6.3/gems/web-console-2.3.0/lib/web_console/templates/_markup.html.erb (0.2ms)
  Rendering /home/michael/.rvm/gems/ruby-2.6.3/gems/web-console-2.3.0/lib/web_console/templates/console.js.erb within layouts/javascript
  Rendering /home/michael/.rvm/gems/ruby-2.6.3/gems/web-console-2.3.0/lib/web_console/templates/_inner_console_markup.html.erb within layouts/inlined_string
  Rendered /home/michael/.rvm/gems/ruby-2.6.3/gems/web-console-2.3.0/lib/web_console/templates/_inner_console_markup.html.erb within layouts/inlined_string (0.2ms)
  Rendering /home/michael/.rvm/gems/ruby-2.6.3/gems/web-console-2.3.0/lib/web_console/templates/_prompt_box_markup.html.erb within layouts/inlined_string
  Rendered /home/michael/.rvm/gems/ruby-2.6.3/gems/web-console-2.3.0/lib/web_console/templates/_prompt_box_markup.html.erb within layouts/inlined_string (0.2ms)
  Rendering /home/michael/.rvm/gems/ruby-2.6.3/gems/web-console-2.3.0/lib/web_console/templates/style.css.erb within layouts/inlined_string
  Rendered /home/michael/.rvm/gems/ruby-2.6.3/gems/web-console-2.3.0/lib/web_console/templates/style.css.erb within layouts/inlined_string (0.2ms)
DEPRECATION WARNING: Accessing mime types via constants is deprecated. Please change `Mime::WEB_CONSOLE_V2` to `Mime[:web_console_v2]`. (called from __home_michael__rvm_gems_ruby_______gems_web_console_______lib_web_console_templates_console_js_erb__428127323307193739_47034185312820 at /home/michael/.rvm/gems/ruby-2.6.3/gems/web-console-2.3.0/lib/web_console/templates/console.js.erb:491)
  Rendered /home/michael/.rvm/gems/ruby-2.6.3/gems/web-console-2.3.0/lib/web_console/templates/console.js.erb within layouts/javascript (10.5ms)
  Rendering /home/michael/.rvm/gems/ruby-2.6.3/gems/web-console-2.3.0/lib/web_console/templates/main.js.erb within layouts/javascript
  Rendered /home/michael/.rvm/gems/ruby-2.6.3/gems/web-console-2.3.0/lib/web_console/templates/main.js.erb within layouts/javascript (0.1ms)
  Rendering /home/michael/.rvm/gems/ruby-2.6.3/gems/web-console-2.3.0/lib/web_console/templates/error_page.js.erb within layouts/javascript
  Rendered /home/michael/.rvm/gems/ruby-2.6.3/gems/web-console-2.3.0/lib/web_console/templates/error_page.js.erb within layouts/javascript (0.2ms)
  Rendered /home/michael/.rvm/gems/ruby-2.6.3/gems/web-console-2.3.0/lib/web_console/templates/index.html.erb (18.4ms)
  [1m[35m (26.0ms)[0m  [1m[35mCREATE TABLE "ar_internal_metadata" ("key" varchar NOT NULL PRIMARY KEY, "value" varchar, "created_at" datetime NOT NULL, "updated_at" datetime NOT NULL)[0m
  [1m[36mActiveRecord::SchemaMigration Load (0.1ms)[0m  [1m[34mSELECT "schema_migrations".* FROM "schema_migrations"[0m
Migrating to CreateArticles (20190904040641)
  [1m[35m (0.0ms)[0m  [1m[36mbegin transaction[0m
  [1m[35m (0.2ms)[0m  [1m[35mCREATE TABLE "articles" ("id" INTEGER PRIMARY KEY AUTOINCREMENT NOT NULL, "title" varchar, "body" text, "created_at" datetime NOT NULL, "updated_at" datetime NOT NULL)[0m
  [1m[35mSQL (0.1ms)[0m  [1m[32mINSERT INTO "schema_migrations" ("version") VALUES (?)[0m  [["version", "20190904040641"]]
  [1m[35m (19.7ms)[0m  [1m[36mcommit transaction[0m
  [1m[36mActiveRecord::InternalMetadata Load (0.1ms)[0m  [1m[34mSELECT  "ar_internal_metadata".* FROM "ar_internal_metadata" WHERE "ar_internal_metadata"."key" = ? LIMIT ?[0m  [["key", "environment"], ["LIMIT", 1]]
  [1m[35m (0.0ms)[0m  [1m[36mbegin transaction[0m
  [1m[35mSQL (0.2ms)[0m  [1m[32mINSERT INTO "ar_internal_metadata" ("key", "value", "created_at", "updated_at") VALUES (?, ?, ?, ?)[0m  [["key", "environment"], ["value", "development"], ["created_at", "2019-09-04 04:09:04.708033"], ["updated_at", "2019-09-04 04:09:04.708033"]]
  [1m[35m (17.7ms)[0m  [1m[36mcommit transaction[0m
  [1m[36mActiveRecord::SchemaMigration Load (0.1ms)[0m  [1m[34mSELECT "schema_migrations".* FROM "schema_migrations"[0m
Started GET "/articles" for ::1 at 2019-09-03 21:09:06 -0700
  [1m[36mActiveRecord::SchemaMigration Load (0.0ms)[0m  [1m[34mSELECT "schema_migrations".* FROM "schema_migrations"[0m
Processing by ArticlesController#index as HTML
  Rendering articles/index.html.erb within layouts/application
  [1m[36mArticle Load (0.1ms)[0m  [1m[34mSELECT "articles".* FROM "articles"[0m
  Rendered articles/index.html.erb within layouts/application (1.5ms)
Completed 200 OK in 455ms (Views: 449.4ms | ActiveRecord: 0.2ms)


Started GET "/articles/new" for ::1 at 2019-09-03 21:10:42 -0700
Processing by ArticlesController#new as HTML
  Rendering articles/new.html.erb within layouts/application
  Rendered articles/_form.html.erb (6.1ms)
  Rendered articles/new.html.erb within layouts/application (7.0ms)
Completed 200 OK in 21ms (Views: 17.3ms | ActiveRecord: 0.3ms)


Started POST "/articles" for ::1 at 2019-09-03 21:10:47 -0700
Processing by ArticlesController#create as HTML
  Parameters: {"utf8"=>"✓", "authenticity_token"=>"/thXkng4YL0EmgE16p1knEVNdqQvdUQ3U4Y0DxC0CLxrpTnwolOHQyDANjeYfTKmjR2CA6RLCIRls+b+Fj090Q==", "article"=>{"title"=>"sdfsdf", "body"=>"sdfsdfsdf"}, "commit"=>"Create Article"}
  [1m[35m (0.2ms)[0m  [1m[36mbegin transaction[0m
  [1m[35mSQL (0.2ms)[0m  [1m[32mINSERT INTO "articles" ("title", "body", "created_at", "updated_at") VALUES (?, ?, ?, ?)[0m  [["title", "sdfsdf"], ["body", "sdfsdfsdf"], ["created_at", "2019-09-04 04:10:47.335965"], ["updated_at", "2019-09-04 04:10:47.335965"]]
  [1m[35m (21.1ms)[0m  [1m[36mcommit transaction[0m
Redirected to http://localhost:3000/articles/1
Completed 302 Found in 29ms (ActiveRecord: 21.5ms)


Started GET "/articles/1" for ::1 at 2019-09-03 21:10:47 -0700
Processing by ArticlesController#show as HTML
  Parameters: {"id"=>"1"}
  [1m[36mArticle Load (0.2ms)[0m  [1m[34mSELECT  "articles".* FROM "articles" WHERE "articles"."id" = ? LIMIT ?[0m  [["id", 1], ["LIMIT", 1]]
  Rendering articles/show.html.erb within layouts/application
  Rendered articles/show.html.erb within layouts/application (0.7ms)
Completed 200 OK in 20ms (Views: 17.2ms | ActiveRecord: 0.2ms)


Started GET "/articles" for ::1 at 2019-09-03 21:11:48 -0700
Processing by ArticlesController#index as HTML
  Rendering articles/index.html.erb within layouts/application
  [1m[36mArticle Load (0.1ms)[0m  [1m[34mSELECT "articles".* FROM "articles"[0m
  Rendered articles/index.html.erb within layouts/application (1.9ms)
Completed 200 OK in 24ms (Views: 22.5ms | ActiveRecord: 0.1ms)


Started DELETE "/articles/1" for ::1 at 2019-09-03 21:12:04 -0700
Processing by ArticlesController#destroy as HTML
  Parameters: {"authenticity_token"=>"gehxEawxtTVqzWn/5H/Nrn0EVGasXMEYfFjoGfRfQ1sUlR9zdlpSy06XXv2Wn5uUtVSgwSdijatKbTro8tZ2Ng==", "id"=>"1"}
  [1m[36mArticle Load (0.2ms)[0m  [1m[34mSELECT  "articles".* FROM "articles" WHERE "articles"."id" = ? LIMIT ?[0m  [["id", 1], ["LIMIT", 1]]
  [1m[35m (0.0ms)[0m  [1m[36mbegin transaction[0m
  [1m[35mSQL (0.2ms)[0m  [1m[31mDELETE FROM "articles" WHERE "articles"."id" = ?[0m  [["id", 1]]
  [1m[35m (20.3ms)[0m  [1m[36mcommit transaction[0m
Redirected to http://localhost:3000/articles
Completed 302 Found in 23ms (ActiveRecord: 20.7ms)


Started GET "/articles" for ::1 at 2019-09-03 21:12:04 -0700
Processing by ArticlesController#index as HTML
  Rendering articles/index.html.erb within layouts/application
  [1m[36mArticle Load (0.1ms)[0m  [1m[34mSELECT "articles".* FROM "articles"[0m
  Rendered articles/index.html.erb within layouts/application (0.9ms)
Completed 200 OK in 11ms (Views: 9.8ms | ActiveRecord: 0.1ms)


Started GET "/articles/new" for ::1 at 2019-09-03 21:12:08 -0700
Processing by ArticlesController#new as HTML
  Rendering articles/new.html.erb within layouts/application
  Rendered articles/_form.html.erb (2.0ms)
  Rendered articles/new.html.erb within layouts/application (2.9ms)
Completed 200 OK in 14ms (Views: 12.6ms | ActiveRecord: 0.0ms)


Started POST "/articles" for ::1 at 2019-09-03 21:12:11 -0700
Processing by ArticlesController#create as HTML
  Parameters: {"utf8"=>"✓", "authenticity_token"=>"BT4rx3bV5J+zxS6Jfg8Oi6DH1Hyc7mDOkl0qSxLtMqeQQ0WlrL4DYZefGYsM71ixaJcg2xfQLH2kaPi6FGQHyg==", "article"=>{"title"=>"sdfg", "body"=>"sdfgsdfgsdgsdfgsdfg"}, "commit"=>"Create Article"}
  [1m[35m (0.1ms)[0m  [1m[36mbegin transaction[0m
  [1m[35mSQL (0.1ms)[0m  [1m[32mINSERT INTO "articles" ("title", "body", "created_at", "updated_at") VALUES (?, ?, ?, ?)[0m  [["title", "sdfg"], ["body", "sdfgsdfgsdgsdfgsdfg"], ["created_at", "2019-09-04 04:12:11.466307"], ["updated_at", "2019-09-04 04:12:11.466307"]]
  [1m[35m (19.0ms)[0m  [1m[36mcommit transaction[0m
Redirected to http://localhost:3000/articles/2
Completed 302 Found in 21ms (ActiveRecord: 19.2ms)


Started GET "/articles/2" for ::1 at 2019-09-03 21:12:11 -0700
Processing by ArticlesController#show as HTML
  Parameters: {"id"=>"2"}
  [1m[36mArticle Load (0.1ms)[0m  [1m[34mSELECT  "articles".* FROM "articles" WHERE "articles"."id" = ? LIMIT ?[0m  [["id", 2], ["LIMIT", 1]]
  Rendering articles/show.html.erb within layouts/application
  Rendered articles/show.html.erb within layouts/application (0.5ms)
Completed 200 OK in 10ms (Views: 9.0ms | ActiveRecord: 0.1ms)


Started GET "/articles" for ::1 at 2019-09-03 21:12:13 -0700
Processing by ArticlesController#index as HTML
  Rendering articles/index.html.erb within layouts/application
  [1m[36mArticle Load (0.1ms)[0m  [1m[34mSELECT "articles".* FROM "articles"[0m
  Rendered articles/index.html.erb within layouts/application (1.2ms)
Completed 200 OK in 11ms (Views: 10.3ms | ActiveRecord: 0.1ms)


Started GET "/articles/new" for ::1 at 2019-09-03 21:12:15 -0700
Processing by ArticlesController#new as HTML
  Rendering articles/new.html.erb within layouts/application
  Rendered articles/_form.html.erb (1.6ms)
  Rendered articles/new.html.erb within layouts/application (2.3ms)
Completed 200 OK in 12ms (Views: 11.4ms | ActiveRecord: 0.0ms)


Started POST "/articles" for ::1 at 2019-09-03 21:12:18 -0700
Processing by ArticlesController#create as HTML
  Parameters: {"utf8"=>"✓", "authenticity_token"=>"bbix+blv/zaq9ptQakcswqdxfEmYxXMe/pUW4rLzEBP4xd+bYwQYyI6srFIYp3r4byGI7hP7P63IoMQTtHolfg==", "article"=>{"title"=>"sdfgsdgsdf", "body"=>"gsdfgsdfgsdfgsdgqertwesdfgsdfgsdgd"}, "commit"=>"Create Article"}
  [1m[35m (0.1ms)[0m  [1m[36mbegin transaction[0m
  [1m[35mSQL (0.1ms)[0m  [1m[32mINSERT INTO "articles" ("title", "body", "created_at", "updated_at") VALUES (?, ?, ?, ?)[0m  [["title", "sdfgsdgsdf"], ["body", "gsdfgsdfgsdfgsdgqertwesdfgsdfgsdgd"], ["created_at", "2019-09-04 04:12:18.784095"], ["updated_at", "2019-09-04 04:12:18.784095"]]
  [1m[35m (27.0ms)[0m  [1m[36mcommit transaction[0m
Redirected to http://localhost:3000/articles/3
Completed 302 Found in 29ms (ActiveRecord: 27.2ms)


Started GET "/articles/3" for ::1 at 2019-09-03 21:12:18 -0700
Processing by ArticlesController#show as HTML
  Parameters: {"id"=>"3"}
  [1m[36mArticle Load (0.1ms)[0m  [1m[34mSELECT  "articles".* FROM "articles" WHERE "articles"."id" = ? LIMIT ?[0m  [["id", 3], ["LIMIT", 1]]
  Rendering articles/show.html.erb within layouts/application
  Rendered articles/show.html.erb within layouts/application (0.6ms)
Completed 200 OK in 19ms (Views: 18.1ms | ActiveRecord: 0.1ms)


Started GET "/articles" for ::1 at 2019-09-03 21:12:22 -0700
Processing by ArticlesController#index as HTML
  Rendering articles/index.html.erb within layouts/application
  [1m[36mArticle Load (0.2ms)[0m  [1m[34mSELECT "articles".* FROM "articles"[0m
  Rendered articles/index.html.erb within layouts/application (1.9ms)
Completed 200 OK in 12ms (Views: 10.9ms | ActiveRecord: 0.2ms)


Started GET "/articles" for ::1 at 2019-09-03 21:18:04 -0700
Processing by ArticlesController#index as HTML
  Rendering articles/index.html.erb within layouts/application
  [1m[36mArticle Load (0.1ms)[0m  [1m[34mSELECT "articles".* FROM "articles"[0m
  Rendered articles/index.html.erb within layouts/application (1.1ms)
Completed 200 OK in 9ms (Views: 8.5ms | ActiveRecord: 0.1ms)


Started GET "/articles/3/edit" for ::1 at 2019-09-03 21:18:05 -0700
Processing by ArticlesController#edit as HTML
  Parameters: {"id"=>"3"}
  [1m[36mArticle Load (0.1ms)[0m  [1m[34mSELECT  "articles".* FROM "articles" WHERE "articles"."id" = ? LIMIT ?[0m  [["id", 3], ["LIMIT", 1]]
  Rendering articles/edit.html.erb within layouts/application
  Rendered articles/_form.html.erb (1.7ms)
  Rendered articles/edit.html.erb within layouts/application (2.7ms)
Completed 200 OK in 15ms (Views: 13.4ms | ActiveRecord: 0.1ms)


Started PATCH "/articles/3" for ::1 at 2019-09-03 21:18:07 -0700
Processing by ArticlesController#update as HTML
  Parameters: {"utf8"=>"✓", "authenticity_token"=>"QTz4hAqHAu4TNdfeD1bFQc60bBjzloHrZIH51fzD2RvUQZbm0OzlEDdv4Nx9tpN7BuSYv3iozVhStCsk+krsdg==", "article"=>{"title"=>"sdfgsdgsdf", "body"=>"gsdfgsdfgsdfgsdgqertwesdfgsdfgsdgd"}, "commit"=>"Update Article", "id"=>"3"}
  [1m[36mArticle Load (0.1ms)[0m  [1m[34mSELECT  "articles".* FROM "articles" WHERE "articles"."id" = ? LIMIT ?[0m  [["id", 3], ["LIMIT", 1]]
  [1m[35m (0.0ms)[0m  [1m[36mbegin transaction[0m
  [1m[35m (0.0ms)[0m  [1m[36mcommit transaction[0m
Redirected to http://localhost:3000/articles/3
Completed 302 Found in 2ms (ActiveRecord: 0.1ms)


Started GET "/articles/3" for ::1 at 2019-09-03 21:18:07 -0700
Processing by ArticlesController#show as HTML
  Parameters: {"id"=>"3"}
  [1m[36mArticle Load (0.1ms)[0m  [1m[34mSELECT  "articles".* FROM "articles" WHERE "articles"."id" = ? LIMIT ?[0m  [["id", 3], ["LIMIT", 1]]
  Rendering articles/show.html.erb within layouts/application
  Rendered articles/show.html.erb within layouts/application (0.5ms)
Completed 200 OK in 9ms (Views: 7.7ms | ActiveRecord: 0.1ms)


